<?xml version="1.0" encoding="UTF-8"?>
<!-- Generated by org.testng.reporters.JUnitReportReporter -->
<testsuite skipped="0" hostname="Suraj-PC" name="script.VerifyProductVersion_Test" tests="1" failures="0" timestamp="29 Jun 2021 18:54:03 GMT" time="25.372" errors="0">
  <testcase name="testProductVerson" time="25.372" classname="script.VerifyProductVersion_Test"/>
</testsuite> <!-- script.VerifyProductVersion_Test -->
