<?xml version="1.0" encoding="UTF-8"?>
<!-- Generated by org.testng.reporters.JUnitReportReporter -->
<testsuite skipped="0" hostname="Suraj-PC" name="script.ValidLogin_Test" tests="1" failures="0" timestamp="29 Jun 2021 18:54:03 GMT" time="35.326" errors="0">
  <testcase name="testValidLogin" time="35.326" classname="script.ValidLogin_Test"/>
</testsuite> <!-- script.ValidLogin_Test -->
